<?xml version="1.0" encoding="UTF-8"?>
<!-- Generated by org.testng.reporters.JUnitReportReporter -->
<testsuite hostname="Laptop" name="com.hrms.testscripts.TC_001" tests="1" failures="0" timestamp="17 Oct 2020 10:47:14 GMT" time="22.423" errors="0">
  <testcase name="tc001" time="22.423" classname="com.hrms.testscripts.TC_001"/>
</testsuite> <!-- com.hrms.testscripts.TC_001 -->
