<?xml version="1.0" encoding="UTF-8"?>
<!-- Generated by org.testng.reporters.JUnitReportReporter -->
<testsuite hostname="Laptop" name="com.hrms.testscripts.TC_002" tests="1" failures="0" timestamp="14 Oct 2020 13:07:02 GMT" time="19.407" errors="0">
  <testcase name="tc002" time="19.407" classname="com.hrms.testscripts.TC_002"/>
</testsuite> <!-- com.hrms.testscripts.TC_002 -->
